[1.701s] DEBUG:colcon:Command line arguments: ['/usr/bin/colcon', 'list', '-p', '--base-paths', '/home/nazar/projects/lessons/ros-tutorial']
[1.701s] DEBUG:colcon:Parsed command line arguments: Namespace(base_paths=['/home/nazar/projects/lessons/ros-tutorial'], build_base='build', ignore_user_meta=False, log_base=None, log_level=None, main=<bound method ListVerb.main of <colcon_package_information.verb.list.ListVerb object at 0x7f4532e61ee0>>, metas=['./colcon.meta'], names_only=False, packages_above=None, packages_above_and_dependencies=None, packages_above_depth=None, packages_end=None, packages_ignore=None, packages_ignore_regex=None, packages_select=None, packages_select_build_failed=False, packages_select_by_dep=None, packages_select_regex=None, packages_select_test_failures=False, packages_skip=None, packages_skip_build_finished=False, packages_skip_by_dep=None, packages_skip_regex=None, packages_skip_test_passed=False, packages_skip_up_to=None, packages_start=None, packages_up_to=None, packages_up_to_regex=None, paths=None, paths_only=True, topological_graph=False, topological_graph_density=False, topological_graph_dot=False, topological_graph_dot_cluster=False, topological_graph_dot_include_skipped=False, topological_graph_legend=False, topological_order=False, verb_extension=<colcon_package_information.verb.list.ListVerb object at 0x7f4532e61ee0>, verb_name='list', verb_parser=<colcon_defaults.argument_parser.defaults.DefaultArgumentsDecorator object at 0x7f4532cfabe0>)
[1.845s] Level 1:colcon.colcon_core.package_discovery:discover_packages(colcon_meta) check parameters
[1.847s] Level 1:colcon.colcon_core.package_discovery:discover_packages(recursive) check parameters
[1.848s] Level 1:colcon.colcon_core.package_discovery:discover_packages(ignore) check parameters
[1.850s] Level 1:colcon.colcon_core.package_discovery:discover_packages(path) check parameters
[1.852s] Level 1:colcon.colcon_core.package_discovery:discover_packages(recursive) discover
[1.852s] INFO:colcon.colcon_core.package_discovery:Crawling recursively for packages in '/home/nazar/projects/lessons/ros-tutorial'
[1.852s] Level 1:colcon.colcon_core.package_identification:_identify(/home/nazar/projects/lessons/ros-tutorial) by extensions ['ignore', 'ignore_ament_install']
[1.859s] Level 1:colcon.colcon_core.package_identification:_identify(/home/nazar/projects/lessons/ros-tutorial) by extension 'ignore'
[1.859s] Level 1:colcon.colcon_core.package_identification:_identify(/home/nazar/projects/lessons/ros-tutorial) by extension 'ignore_ament_install'
[1.859s] Level 1:colcon.colcon_core.package_identification:_identify(/home/nazar/projects/lessons/ros-tutorial) by extensions ['colcon_pkg']
[1.859s] Level 1:colcon.colcon_core.package_identification:_identify(/home/nazar/projects/lessons/ros-tutorial) by extension 'colcon_pkg'
[1.860s] Level 1:colcon.colcon_core.package_identification:_identify(/home/nazar/projects/lessons/ros-tutorial) by extensions ['colcon_meta']
[1.860s] Level 1:colcon.colcon_core.package_identification:_identify(/home/nazar/projects/lessons/ros-tutorial) by extension 'colcon_meta'
[1.860s] Level 1:colcon.colcon_core.package_identification:_identify(/home/nazar/projects/lessons/ros-tutorial) by extensions ['ros']
[1.860s] Level 1:colcon.colcon_core.package_identification:_identify(/home/nazar/projects/lessons/ros-tutorial) by extension 'ros'
[1.913s] Level 1:colcon.colcon_core.package_identification:_identify(/home/nazar/projects/lessons/ros-tutorial) by extensions ['cmake', 'python']
[1.915s] Level 1:colcon.colcon_core.package_identification:_identify(/home/nazar/projects/lessons/ros-tutorial) by extension 'cmake'
[1.918s] Level 1:colcon.colcon_core.package_identification:_identify(/home/nazar/projects/lessons/ros-tutorial) by extension 'python'
[1.919s] Level 1:colcon.colcon_core.package_identification:_identify(/home/nazar/projects/lessons/ros-tutorial) by extensions ['python_setup_py']
[1.924s] Level 1:colcon.colcon_core.package_identification:_identify(/home/nazar/projects/lessons/ros-tutorial) by extension 'python_setup_py'
[1.924s] Level 1:colcon.colcon_core.package_identification:_identify(/home/nazar/projects/lessons/ros-tutorial/bag_files) by extensions ['ignore', 'ignore_ament_install']
[1.925s] Level 1:colcon.colcon_core.package_identification:_identify(/home/nazar/projects/lessons/ros-tutorial/bag_files) by extension 'ignore'
[1.925s] Level 1:colcon.colcon_core.package_identification:_identify(/home/nazar/projects/lessons/ros-tutorial/bag_files) by extension 'ignore_ament_install'
[1.925s] Level 1:colcon.colcon_core.package_identification:_identify(/home/nazar/projects/lessons/ros-tutorial/bag_files) by extensions ['colcon_pkg']
[1.925s] Level 1:colcon.colcon_core.package_identification:_identify(/home/nazar/projects/lessons/ros-tutorial/bag_files) by extension 'colcon_pkg'
[1.925s] Level 1:colcon.colcon_core.package_identification:_identify(/home/nazar/projects/lessons/ros-tutorial/bag_files) by extensions ['colcon_meta']
[1.925s] Level 1:colcon.colcon_core.package_identification:_identify(/home/nazar/projects/lessons/ros-tutorial/bag_files) by extension 'colcon_meta'
[1.925s] Level 1:colcon.colcon_core.package_identification:_identify(/home/nazar/projects/lessons/ros-tutorial/bag_files) by extensions ['ros']
[1.925s] Level 1:colcon.colcon_core.package_identification:_identify(/home/nazar/projects/lessons/ros-tutorial/bag_files) by extension 'ros'
[1.926s] Level 1:colcon.colcon_core.package_identification:_identify(/home/nazar/projects/lessons/ros-tutorial/bag_files) by extensions ['cmake', 'python']
[1.926s] Level 1:colcon.colcon_core.package_identification:_identify(/home/nazar/projects/lessons/ros-tutorial/bag_files) by extension 'cmake'
[1.926s] Level 1:colcon.colcon_core.package_identification:_identify(/home/nazar/projects/lessons/ros-tutorial/bag_files) by extension 'python'
[1.926s] Level 1:colcon.colcon_core.package_identification:_identify(/home/nazar/projects/lessons/ros-tutorial/bag_files) by extensions ['python_setup_py']
[1.926s] Level 1:colcon.colcon_core.package_identification:_identify(/home/nazar/projects/lessons/ros-tutorial/bag_files) by extension 'python_setup_py'
[1.926s] Level 1:colcon.colcon_core.package_identification:_identify(/home/nazar/projects/lessons/ros-tutorial/bag_files/rosbag2_2021_06_07-15_38_26) by extensions ['ignore', 'ignore_ament_install']
[1.926s] Level 1:colcon.colcon_core.package_identification:_identify(/home/nazar/projects/lessons/ros-tutorial/bag_files/rosbag2_2021_06_07-15_38_26) by extension 'ignore'
[1.927s] Level 1:colcon.colcon_core.package_identification:_identify(/home/nazar/projects/lessons/ros-tutorial/bag_files/rosbag2_2021_06_07-15_38_26) by extension 'ignore_ament_install'
[1.927s] Level 1:colcon.colcon_core.package_identification:_identify(/home/nazar/projects/lessons/ros-tutorial/bag_files/rosbag2_2021_06_07-15_38_26) by extensions ['colcon_pkg']
[1.927s] Level 1:colcon.colcon_core.package_identification:_identify(/home/nazar/projects/lessons/ros-tutorial/bag_files/rosbag2_2021_06_07-15_38_26) by extension 'colcon_pkg'
[1.927s] Level 1:colcon.colcon_core.package_identification:_identify(/home/nazar/projects/lessons/ros-tutorial/bag_files/rosbag2_2021_06_07-15_38_26) by extensions ['colcon_meta']
[1.927s] Level 1:colcon.colcon_core.package_identification:_identify(/home/nazar/projects/lessons/ros-tutorial/bag_files/rosbag2_2021_06_07-15_38_26) by extension 'colcon_meta'
[1.927s] Level 1:colcon.colcon_core.package_identification:_identify(/home/nazar/projects/lessons/ros-tutorial/bag_files/rosbag2_2021_06_07-15_38_26) by extensions ['ros']
[1.927s] Level 1:colcon.colcon_core.package_identification:_identify(/home/nazar/projects/lessons/ros-tutorial/bag_files/rosbag2_2021_06_07-15_38_26) by extension 'ros'
[1.927s] Level 1:colcon.colcon_core.package_identification:_identify(/home/nazar/projects/lessons/ros-tutorial/bag_files/rosbag2_2021_06_07-15_38_26) by extensions ['cmake', 'python']
[1.928s] Level 1:colcon.colcon_core.package_identification:_identify(/home/nazar/projects/lessons/ros-tutorial/bag_files/rosbag2_2021_06_07-15_38_26) by extension 'cmake'
[1.928s] Level 1:colcon.colcon_core.package_identification:_identify(/home/nazar/projects/lessons/ros-tutorial/bag_files/rosbag2_2021_06_07-15_38_26) by extension 'python'
[1.928s] Level 1:colcon.colcon_core.package_identification:_identify(/home/nazar/projects/lessons/ros-tutorial/bag_files/rosbag2_2021_06_07-15_38_26) by extensions ['python_setup_py']
[1.928s] Level 1:colcon.colcon_core.package_identification:_identify(/home/nazar/projects/lessons/ros-tutorial/bag_files/rosbag2_2021_06_07-15_38_26) by extension 'python_setup_py'
[1.928s] Level 1:colcon.colcon_core.package_identification:_identify(/home/nazar/projects/lessons/ros-tutorial/bag_files/subset) by extensions ['ignore', 'ignore_ament_install']
[1.928s] Level 1:colcon.colcon_core.package_identification:_identify(/home/nazar/projects/lessons/ros-tutorial/bag_files/subset) by extension 'ignore'
[1.928s] Level 1:colcon.colcon_core.package_identification:_identify(/home/nazar/projects/lessons/ros-tutorial/bag_files/subset) by extension 'ignore_ament_install'
[1.929s] Level 1:colcon.colcon_core.package_identification:_identify(/home/nazar/projects/lessons/ros-tutorial/bag_files/subset) by extensions ['colcon_pkg']
[1.929s] Level 1:colcon.colcon_core.package_identification:_identify(/home/nazar/projects/lessons/ros-tutorial/bag_files/subset) by extension 'colcon_pkg'
[1.929s] Level 1:colcon.colcon_core.package_identification:_identify(/home/nazar/projects/lessons/ros-tutorial/bag_files/subset) by extensions ['colcon_meta']
[1.929s] Level 1:colcon.colcon_core.package_identification:_identify(/home/nazar/projects/lessons/ros-tutorial/bag_files/subset) by extension 'colcon_meta'
[1.929s] Level 1:colcon.colcon_core.package_identification:_identify(/home/nazar/projects/lessons/ros-tutorial/bag_files/subset) by extensions ['ros']
[1.929s] Level 1:colcon.colcon_core.package_identification:_identify(/home/nazar/projects/lessons/ros-tutorial/bag_files/subset) by extension 'ros'
[1.929s] Level 1:colcon.colcon_core.package_identification:_identify(/home/nazar/projects/lessons/ros-tutorial/bag_files/subset) by extensions ['cmake', 'python']
[1.929s] Level 1:colcon.colcon_core.package_identification:_identify(/home/nazar/projects/lessons/ros-tutorial/bag_files/subset) by extension 'cmake'
[1.929s] Level 1:colcon.colcon_core.package_identification:_identify(/home/nazar/projects/lessons/ros-tutorial/bag_files/subset) by extension 'python'
[1.930s] Level 1:colcon.colcon_core.package_identification:_identify(/home/nazar/projects/lessons/ros-tutorial/bag_files/subset) by extensions ['python_setup_py']
[1.930s] Level 1:colcon.colcon_core.package_identification:_identify(/home/nazar/projects/lessons/ros-tutorial/bag_files/subset) by extension 'python_setup_py'
[1.930s] Level 1:colcon.colcon_core.package_identification:_identify(/home/nazar/projects/lessons/ros-tutorial/dev_ws) by extensions ['ignore', 'ignore_ament_install']
[1.930s] Level 1:colcon.colcon_core.package_identification:_identify(/home/nazar/projects/lessons/ros-tutorial/dev_ws) by extension 'ignore'
[1.930s] Level 1:colcon.colcon_core.package_identification:_identify(/home/nazar/projects/lessons/ros-tutorial/dev_ws) by extension 'ignore_ament_install'
[1.951s] Level 1:colcon.colcon_core.package_identification:_identify(/home/nazar/projects/lessons/ros-tutorial/dev_ws) by extensions ['colcon_pkg']
[1.953s] Level 1:colcon.colcon_core.package_identification:_identify(/home/nazar/projects/lessons/ros-tutorial/dev_ws) by extension 'colcon_pkg'
[1.953s] Level 1:colcon.colcon_core.package_identification:_identify(/home/nazar/projects/lessons/ros-tutorial/dev_ws) by extensions ['colcon_meta']
[1.953s] Level 1:colcon.colcon_core.package_identification:_identify(/home/nazar/projects/lessons/ros-tutorial/dev_ws) by extension 'colcon_meta'
[1.953s] Level 1:colcon.colcon_core.package_identification:_identify(/home/nazar/projects/lessons/ros-tutorial/dev_ws) by extensions ['ros']
[1.953s] Level 1:colcon.colcon_core.package_identification:_identify(/home/nazar/projects/lessons/ros-tutorial/dev_ws) by extension 'ros'
[1.953s] Level 1:colcon.colcon_core.package_identification:_identify(/home/nazar/projects/lessons/ros-tutorial/dev_ws) by extensions ['cmake', 'python']
[1.954s] Level 1:colcon.colcon_core.package_identification:_identify(/home/nazar/projects/lessons/ros-tutorial/dev_ws) by extension 'cmake'
[1.954s] Level 1:colcon.colcon_core.package_identification:_identify(/home/nazar/projects/lessons/ros-tutorial/dev_ws) by extension 'python'
[1.954s] Level 1:colcon.colcon_core.package_identification:_identify(/home/nazar/projects/lessons/ros-tutorial/dev_ws) by extensions ['python_setup_py']
[1.954s] Level 1:colcon.colcon_core.package_identification:_identify(/home/nazar/projects/lessons/ros-tutorial/dev_ws) by extension 'python_setup_py'
[1.954s] Level 1:colcon.colcon_core.package_identification:_identify(/home/nazar/projects/lessons/ros-tutorial/dev_ws/build) by extensions ['ignore', 'ignore_ament_install']
[1.954s] Level 1:colcon.colcon_core.package_identification:_identify(/home/nazar/projects/lessons/ros-tutorial/dev_ws/build) by extension 'ignore'
[1.954s] Level 1:colcon.colcon_core.package_identification:_identify(/home/nazar/projects/lessons/ros-tutorial/dev_ws/build) ignored
[1.963s] Level 1:colcon.colcon_core.package_identification:_identify(/home/nazar/projects/lessons/ros-tutorial/dev_ws/install) by extensions ['ignore', 'ignore_ament_install']
[1.963s] Level 1:colcon.colcon_core.package_identification:_identify(/home/nazar/projects/lessons/ros-tutorial/dev_ws/install) by extension 'ignore'
[1.963s] Level 1:colcon.colcon_core.package_identification:_identify(/home/nazar/projects/lessons/ros-tutorial/dev_ws/install) ignored
[1.964s] Level 1:colcon.colcon_core.package_identification:_identify(/home/nazar/projects/lessons/ros-tutorial/dev_ws/log) by extensions ['ignore', 'ignore_ament_install']
[1.964s] Level 1:colcon.colcon_core.package_identification:_identify(/home/nazar/projects/lessons/ros-tutorial/dev_ws/log) by extension 'ignore'
[1.964s] Level 1:colcon.colcon_core.package_identification:_identify(/home/nazar/projects/lessons/ros-tutorial/dev_ws/log) ignored
[1.964s] Level 1:colcon.colcon_core.package_identification:_identify(/home/nazar/projects/lessons/ros-tutorial/dev_ws/src) by extensions ['ignore', 'ignore_ament_install']
[1.964s] Level 1:colcon.colcon_core.package_identification:_identify(/home/nazar/projects/lessons/ros-tutorial/dev_ws/src) by extension 'ignore'
[1.965s] Level 1:colcon.colcon_core.package_identification:_identify(/home/nazar/projects/lessons/ros-tutorial/dev_ws/src) by extension 'ignore_ament_install'
[1.965s] Level 1:colcon.colcon_core.package_identification:_identify(/home/nazar/projects/lessons/ros-tutorial/dev_ws/src) by extensions ['colcon_pkg']
[1.965s] Level 1:colcon.colcon_core.package_identification:_identify(/home/nazar/projects/lessons/ros-tutorial/dev_ws/src) by extension 'colcon_pkg'
[1.965s] Level 1:colcon.colcon_core.package_identification:_identify(/home/nazar/projects/lessons/ros-tutorial/dev_ws/src) by extensions ['colcon_meta']
[1.965s] Level 1:colcon.colcon_core.package_identification:_identify(/home/nazar/projects/lessons/ros-tutorial/dev_ws/src) by extension 'colcon_meta'
[1.965s] Level 1:colcon.colcon_core.package_identification:_identify(/home/nazar/projects/lessons/ros-tutorial/dev_ws/src) by extensions ['ros']
[1.965s] Level 1:colcon.colcon_core.package_identification:_identify(/home/nazar/projects/lessons/ros-tutorial/dev_ws/src) by extension 'ros'
[1.965s] Level 1:colcon.colcon_core.package_identification:_identify(/home/nazar/projects/lessons/ros-tutorial/dev_ws/src) by extensions ['cmake', 'python']
[1.966s] Level 1:colcon.colcon_core.package_identification:_identify(/home/nazar/projects/lessons/ros-tutorial/dev_ws/src) by extension 'cmake'
[1.966s] Level 1:colcon.colcon_core.package_identification:_identify(/home/nazar/projects/lessons/ros-tutorial/dev_ws/src) by extension 'python'
[1.966s] Level 1:colcon.colcon_core.package_identification:_identify(/home/nazar/projects/lessons/ros-tutorial/dev_ws/src) by extensions ['python_setup_py']
[1.966s] Level 1:colcon.colcon_core.package_identification:_identify(/home/nazar/projects/lessons/ros-tutorial/dev_ws/src) by extension 'python_setup_py'
[1.966s] Level 1:colcon.colcon_core.package_identification:_identify(/home/nazar/projects/lessons/ros-tutorial/dev_ws/src/cpp_pubsub) by extensions ['ignore', 'ignore_ament_install']
[1.966s] Level 1:colcon.colcon_core.package_identification:_identify(/home/nazar/projects/lessons/ros-tutorial/dev_ws/src/cpp_pubsub) by extension 'ignore'
[1.967s] Level 1:colcon.colcon_core.package_identification:_identify(/home/nazar/projects/lessons/ros-tutorial/dev_ws/src/cpp_pubsub) by extension 'ignore_ament_install'
[1.967s] Level 1:colcon.colcon_core.package_identification:_identify(/home/nazar/projects/lessons/ros-tutorial/dev_ws/src/cpp_pubsub) by extensions ['colcon_pkg']
[1.967s] Level 1:colcon.colcon_core.package_identification:_identify(/home/nazar/projects/lessons/ros-tutorial/dev_ws/src/cpp_pubsub) by extension 'colcon_pkg'
[1.967s] Level 1:colcon.colcon_core.package_identification:_identify(/home/nazar/projects/lessons/ros-tutorial/dev_ws/src/cpp_pubsub) by extensions ['colcon_meta']
[1.967s] Level 1:colcon.colcon_core.package_identification:_identify(/home/nazar/projects/lessons/ros-tutorial/dev_ws/src/cpp_pubsub) by extension 'colcon_meta'
[1.979s] Level 1:colcon.colcon_core.package_identification:_identify(/home/nazar/projects/lessons/ros-tutorial/dev_ws/src/cpp_pubsub) by extensions ['ros']
[1.979s] Level 1:colcon.colcon_core.package_identification:_identify(/home/nazar/projects/lessons/ros-tutorial/dev_ws/src/cpp_pubsub) by extension 'ros'
[2.086s] DEBUG:colcon.colcon_core.package_identification:Package '/home/nazar/projects/lessons/ros-tutorial/dev_ws/src/cpp_pubsub' with type 'ros.ament_cmake' and name 'cpp_pubsub'
[2.087s] Level 1:colcon.colcon_core.package_identification:_identify(/home/nazar/projects/lessons/ros-tutorial/dev_ws/src/cpp_srvcli) by extensions ['ignore', 'ignore_ament_install']
[2.088s] Level 1:colcon.colcon_core.package_identification:_identify(/home/nazar/projects/lessons/ros-tutorial/dev_ws/src/cpp_srvcli) by extension 'ignore'
[2.088s] Level 1:colcon.colcon_core.package_identification:_identify(/home/nazar/projects/lessons/ros-tutorial/dev_ws/src/cpp_srvcli) by extension 'ignore_ament_install'
[2.088s] Level 1:colcon.colcon_core.package_identification:_identify(/home/nazar/projects/lessons/ros-tutorial/dev_ws/src/cpp_srvcli) by extensions ['colcon_pkg']
[2.088s] Level 1:colcon.colcon_core.package_identification:_identify(/home/nazar/projects/lessons/ros-tutorial/dev_ws/src/cpp_srvcli) by extension 'colcon_pkg'
[2.088s] Level 1:colcon.colcon_core.package_identification:_identify(/home/nazar/projects/lessons/ros-tutorial/dev_ws/src/cpp_srvcli) by extensions ['colcon_meta']
[2.088s] Level 1:colcon.colcon_core.package_identification:_identify(/home/nazar/projects/lessons/ros-tutorial/dev_ws/src/cpp_srvcli) by extension 'colcon_meta'
[2.088s] Level 1:colcon.colcon_core.package_identification:_identify(/home/nazar/projects/lessons/ros-tutorial/dev_ws/src/cpp_srvcli) by extensions ['ros']
[2.088s] Level 1:colcon.colcon_core.package_identification:_identify(/home/nazar/projects/lessons/ros-tutorial/dev_ws/src/cpp_srvcli) by extension 'ros'
[2.093s] DEBUG:colcon.colcon_core.package_identification:Package '/home/nazar/projects/lessons/ros-tutorial/dev_ws/src/cpp_srvcli' with type 'ros.ament_cmake' and name 'cpp_srvcli'
[2.095s] Level 1:colcon.colcon_core.package_identification:_identify(/home/nazar/projects/lessons/ros-tutorial/dev_ws/src/my_package) by extensions ['ignore', 'ignore_ament_install']
[2.095s] Level 1:colcon.colcon_core.package_identification:_identify(/home/nazar/projects/lessons/ros-tutorial/dev_ws/src/my_package) by extension 'ignore'
[2.096s] Level 1:colcon.colcon_core.package_identification:_identify(/home/nazar/projects/lessons/ros-tutorial/dev_ws/src/my_package) by extension 'ignore_ament_install'
[2.096s] Level 1:colcon.colcon_core.package_identification:_identify(/home/nazar/projects/lessons/ros-tutorial/dev_ws/src/my_package) by extensions ['colcon_pkg']
[2.096s] Level 1:colcon.colcon_core.package_identification:_identify(/home/nazar/projects/lessons/ros-tutorial/dev_ws/src/my_package) by extension 'colcon_pkg'
[2.100s] Level 1:colcon.colcon_core.package_identification:_identify(/home/nazar/projects/lessons/ros-tutorial/dev_ws/src/my_package) by extensions ['colcon_meta']
[2.100s] Level 1:colcon.colcon_core.package_identification:_identify(/home/nazar/projects/lessons/ros-tutorial/dev_ws/src/my_package) by extension 'colcon_meta'
[2.100s] Level 1:colcon.colcon_core.package_identification:_identify(/home/nazar/projects/lessons/ros-tutorial/dev_ws/src/my_package) by extensions ['ros']
[2.100s] Level 1:colcon.colcon_core.package_identification:_identify(/home/nazar/projects/lessons/ros-tutorial/dev_ws/src/my_package) by extension 'ros'
[2.144s] DEBUG:colcon.colcon_core.package_identification:Package '/home/nazar/projects/lessons/ros-tutorial/dev_ws/src/my_package' with type 'ros.ament_cmake' and name 'my_package'
[2.145s] Level 1:colcon.colcon_core.package_identification:_identify(/home/nazar/projects/lessons/ros-tutorial/dev_ws/src/ros_tutorials) by extensions ['ignore', 'ignore_ament_install']
[2.145s] Level 1:colcon.colcon_core.package_identification:_identify(/home/nazar/projects/lessons/ros-tutorial/dev_ws/src/ros_tutorials) by extension 'ignore'
[2.145s] Level 1:colcon.colcon_core.package_identification:_identify(/home/nazar/projects/lessons/ros-tutorial/dev_ws/src/ros_tutorials) by extension 'ignore_ament_install'
[2.145s] Level 1:colcon.colcon_core.package_identification:_identify(/home/nazar/projects/lessons/ros-tutorial/dev_ws/src/ros_tutorials) by extensions ['colcon_pkg']
[2.145s] Level 1:colcon.colcon_core.package_identification:_identify(/home/nazar/projects/lessons/ros-tutorial/dev_ws/src/ros_tutorials) by extension 'colcon_pkg'
[2.145s] Level 1:colcon.colcon_core.package_identification:_identify(/home/nazar/projects/lessons/ros-tutorial/dev_ws/src/ros_tutorials) by extensions ['colcon_meta']
[2.145s] Level 1:colcon.colcon_core.package_identification:_identify(/home/nazar/projects/lessons/ros-tutorial/dev_ws/src/ros_tutorials) by extension 'colcon_meta'
[2.146s] Level 1:colcon.colcon_core.package_identification:_identify(/home/nazar/projects/lessons/ros-tutorial/dev_ws/src/ros_tutorials) by extensions ['ros']
[2.146s] Level 1:colcon.colcon_core.package_identification:_identify(/home/nazar/projects/lessons/ros-tutorial/dev_ws/src/ros_tutorials) by extension 'ros'
[2.146s] Level 1:colcon.colcon_core.package_identification:_identify(/home/nazar/projects/lessons/ros-tutorial/dev_ws/src/ros_tutorials) by extensions ['cmake', 'python']
[2.146s] Level 1:colcon.colcon_core.package_identification:_identify(/home/nazar/projects/lessons/ros-tutorial/dev_ws/src/ros_tutorials) by extension 'cmake'
[2.146s] Level 1:colcon.colcon_core.package_identification:_identify(/home/nazar/projects/lessons/ros-tutorial/dev_ws/src/ros_tutorials) by extension 'python'
[2.146s] Level 1:colcon.colcon_core.package_identification:_identify(/home/nazar/projects/lessons/ros-tutorial/dev_ws/src/ros_tutorials) by extensions ['python_setup_py']
[2.146s] Level 1:colcon.colcon_core.package_identification:_identify(/home/nazar/projects/lessons/ros-tutorial/dev_ws/src/ros_tutorials) by extension 'python_setup_py'
[2.147s] Level 1:colcon.colcon_core.package_identification:_identify(/home/nazar/projects/lessons/ros-tutorial/dev_ws/src/ros_tutorials/ros_tutorials) by extensions ['ignore', 'ignore_ament_install']
[2.151s] Level 1:colcon.colcon_core.package_identification:_identify(/home/nazar/projects/lessons/ros-tutorial/dev_ws/src/ros_tutorials/ros_tutorials) by extension 'ignore'
[2.151s] Level 1:colcon.colcon_core.package_identification:_identify(/home/nazar/projects/lessons/ros-tutorial/dev_ws/src/ros_tutorials/ros_tutorials) ignored
[2.151s] Level 1:colcon.colcon_core.package_identification:_identify(/home/nazar/projects/lessons/ros-tutorial/dev_ws/src/ros_tutorials/roscpp_tutorials) by extensions ['ignore', 'ignore_ament_install']
[2.152s] Level 1:colcon.colcon_core.package_identification:_identify(/home/nazar/projects/lessons/ros-tutorial/dev_ws/src/ros_tutorials/roscpp_tutorials) by extension 'ignore'
[2.152s] Level 1:colcon.colcon_core.package_identification:_identify(/home/nazar/projects/lessons/ros-tutorial/dev_ws/src/ros_tutorials/roscpp_tutorials) ignored
[2.152s] Level 1:colcon.colcon_core.package_identification:_identify(/home/nazar/projects/lessons/ros-tutorial/dev_ws/src/ros_tutorials/rospy_tutorials) by extensions ['ignore', 'ignore_ament_install']
[2.152s] Level 1:colcon.colcon_core.package_identification:_identify(/home/nazar/projects/lessons/ros-tutorial/dev_ws/src/ros_tutorials/rospy_tutorials) by extension 'ignore'
[2.153s] Level 1:colcon.colcon_core.package_identification:_identify(/home/nazar/projects/lessons/ros-tutorial/dev_ws/src/ros_tutorials/rospy_tutorials) ignored
[2.153s] Level 1:colcon.colcon_core.package_identification:_identify(/home/nazar/projects/lessons/ros-tutorial/dev_ws/src/ros_tutorials/turtlesim) by extensions ['ignore', 'ignore_ament_install']
[2.153s] Level 1:colcon.colcon_core.package_identification:_identify(/home/nazar/projects/lessons/ros-tutorial/dev_ws/src/ros_tutorials/turtlesim) by extension 'ignore'
[2.153s] Level 1:colcon.colcon_core.package_identification:_identify(/home/nazar/projects/lessons/ros-tutorial/dev_ws/src/ros_tutorials/turtlesim) by extension 'ignore_ament_install'
[2.153s] Level 1:colcon.colcon_core.package_identification:_identify(/home/nazar/projects/lessons/ros-tutorial/dev_ws/src/ros_tutorials/turtlesim) by extensions ['colcon_pkg']
[2.154s] Level 1:colcon.colcon_core.package_identification:_identify(/home/nazar/projects/lessons/ros-tutorial/dev_ws/src/ros_tutorials/turtlesim) by extension 'colcon_pkg'
[2.154s] Level 1:colcon.colcon_core.package_identification:_identify(/home/nazar/projects/lessons/ros-tutorial/dev_ws/src/ros_tutorials/turtlesim) by extensions ['colcon_meta']
[2.154s] Level 1:colcon.colcon_core.package_identification:_identify(/home/nazar/projects/lessons/ros-tutorial/dev_ws/src/ros_tutorials/turtlesim) by extension 'colcon_meta'
[2.154s] Level 1:colcon.colcon_core.package_identification:_identify(/home/nazar/projects/lessons/ros-tutorial/dev_ws/src/ros_tutorials/turtlesim) by extensions ['ros']
[2.154s] Level 1:colcon.colcon_core.package_identification:_identify(/home/nazar/projects/lessons/ros-tutorial/dev_ws/src/ros_tutorials/turtlesim) by extension 'ros'
[2.165s] DEBUG:colcon.colcon_core.package_identification:Package '/home/nazar/projects/lessons/ros-tutorial/dev_ws/src/ros_tutorials/turtlesim' with type 'ros.ament_cmake' and name 'turtlesim'
[2.165s] Level 1:colcon.colcon_core.package_identification:_identify(/home/nazar/projects/lessons/ros-tutorial/launch) by extensions ['ignore', 'ignore_ament_install']
[2.165s] Level 1:colcon.colcon_core.package_identification:_identify(/home/nazar/projects/lessons/ros-tutorial/launch) by extension 'ignore'
[2.165s] Level 1:colcon.colcon_core.package_identification:_identify(/home/nazar/projects/lessons/ros-tutorial/launch) by extension 'ignore_ament_install'
[2.165s] Level 1:colcon.colcon_core.package_identification:_identify(/home/nazar/projects/lessons/ros-tutorial/launch) by extensions ['colcon_pkg']
[2.166s] Level 1:colcon.colcon_core.package_identification:_identify(/home/nazar/projects/lessons/ros-tutorial/launch) by extension 'colcon_pkg'
[2.166s] Level 1:colcon.colcon_core.package_identification:_identify(/home/nazar/projects/lessons/ros-tutorial/launch) by extensions ['colcon_meta']
[2.166s] Level 1:colcon.colcon_core.package_identification:_identify(/home/nazar/projects/lessons/ros-tutorial/launch) by extension 'colcon_meta'
[2.166s] Level 1:colcon.colcon_core.package_identification:_identify(/home/nazar/projects/lessons/ros-tutorial/launch) by extensions ['ros']
[2.166s] Level 1:colcon.colcon_core.package_identification:_identify(/home/nazar/projects/lessons/ros-tutorial/launch) by extension 'ros'
[2.166s] Level 1:colcon.colcon_core.package_identification:_identify(/home/nazar/projects/lessons/ros-tutorial/launch) by extensions ['cmake', 'python']
[2.166s] Level 1:colcon.colcon_core.package_identification:_identify(/home/nazar/projects/lessons/ros-tutorial/launch) by extension 'cmake'
[2.166s] Level 1:colcon.colcon_core.package_identification:_identify(/home/nazar/projects/lessons/ros-tutorial/launch) by extension 'python'
[2.167s] Level 1:colcon.colcon_core.package_identification:_identify(/home/nazar/projects/lessons/ros-tutorial/launch) by extensions ['python_setup_py']
[2.167s] Level 1:colcon.colcon_core.package_identification:_identify(/home/nazar/projects/lessons/ros-tutorial/launch) by extension 'python_setup_py'
[2.179s] Level 1:colcon.colcon_core.package_identification:_identify(/home/nazar/projects/lessons/ros-tutorial/launch/__pycache__) by extensions ['ignore', 'ignore_ament_install']
[2.179s] Level 1:colcon.colcon_core.package_identification:_identify(/home/nazar/projects/lessons/ros-tutorial/launch/__pycache__) by extension 'ignore'
[2.179s] Level 1:colcon.colcon_core.package_identification:_identify(/home/nazar/projects/lessons/ros-tutorial/launch/__pycache__) by extension 'ignore_ament_install'
[2.180s] Level 1:colcon.colcon_core.package_identification:_identify(/home/nazar/projects/lessons/ros-tutorial/launch/__pycache__) by extensions ['colcon_pkg']
[2.180s] Level 1:colcon.colcon_core.package_identification:_identify(/home/nazar/projects/lessons/ros-tutorial/launch/__pycache__) by extension 'colcon_pkg'
[2.180s] Level 1:colcon.colcon_core.package_identification:_identify(/home/nazar/projects/lessons/ros-tutorial/launch/__pycache__) by extensions ['colcon_meta']
[2.180s] Level 1:colcon.colcon_core.package_identification:_identify(/home/nazar/projects/lessons/ros-tutorial/launch/__pycache__) by extension 'colcon_meta'
[2.180s] Level 1:colcon.colcon_core.package_identification:_identify(/home/nazar/projects/lessons/ros-tutorial/launch/__pycache__) by extensions ['ros']
[2.180s] Level 1:colcon.colcon_core.package_identification:_identify(/home/nazar/projects/lessons/ros-tutorial/launch/__pycache__) by extension 'ros'
[2.180s] Level 1:colcon.colcon_core.package_identification:_identify(/home/nazar/projects/lessons/ros-tutorial/launch/__pycache__) by extensions ['cmake', 'python']
[2.180s] Level 1:colcon.colcon_core.package_identification:_identify(/home/nazar/projects/lessons/ros-tutorial/launch/__pycache__) by extension 'cmake'
[2.181s] Level 1:colcon.colcon_core.package_identification:_identify(/home/nazar/projects/lessons/ros-tutorial/launch/__pycache__) by extension 'python'
[2.181s] Level 1:colcon.colcon_core.package_identification:_identify(/home/nazar/projects/lessons/ros-tutorial/launch/__pycache__) by extensions ['python_setup_py']
[2.181s] Level 1:colcon.colcon_core.package_identification:_identify(/home/nazar/projects/lessons/ros-tutorial/launch/__pycache__) by extension 'python_setup_py'
[2.181s] Level 1:colcon.colcon_core.package_identification:_identify(/home/nazar/projects/lessons/ros-tutorial/log) by extensions ['ignore', 'ignore_ament_install']
[2.181s] Level 1:colcon.colcon_core.package_identification:_identify(/home/nazar/projects/lessons/ros-tutorial/log) by extension 'ignore'
[2.181s] Level 1:colcon.colcon_core.package_identification:_identify(/home/nazar/projects/lessons/ros-tutorial/log) ignored
[2.181s] Level 1:colcon.colcon_core.package_discovery:discover_packages(recursive) using defaults
